<?xml version="1.0" encoding="UTF-8" ?>
<testsuite failures="0" time="5.588" errors="0" skipped="0" tests="3" name="com.simpleblog.service.MemberServiceTest">
  <properties>
    <property name="java.runtime.name" value="OpenJDK Runtime Environment"/>
    <property name="sun.boot.library.path" value="/opt/icedtea-bin-6.1.12.7/jre/lib/amd64"/>
    <property name="java.vm.version" value="20.0-b12"/>
    <property name="java.vm.vendor" value="Sun Microsystems Inc."/>
    <property name="java.vendor.url" value="http://java.sun.com/"/>
    <property name="path.separator" value=":"/>
    <property name="guice.disable.misplaced.annotation.check" value="true"/>
    <property name="java.vm.name" value="OpenJDK 64-Bit Server VM"/>
    <property name="file.encoding.pkg" value="sun.io"/>
    <property name="user.country" value="US"/>
    <property name="sun.java.launcher" value="SUN_STANDARD"/>
    <property name="sun.os.patch.level" value="unknown"/>
    <property name="java.vm.specification.name" value="Java Virtual Machine Specification"/>
    <property name="user.dir" value="/home/merovingien/workspace/Simple_blog"/>
    <property name="java.runtime.version" value="1.6.0_27-b27"/>
    <property name="java.awt.graphicsenv" value="sun.awt.X11GraphicsEnvironment"/>
    <property name="java.endorsed.dirs" value="/opt/icedtea-bin-6.1.12.7/jre/lib/endorsed"/>
    <property name="os.arch" value="amd64"/>
    <property name="java.io.tmpdir" value="/tmp"/>
    <property name="line.separator" value="
"/>
    <property name="java.vm.specification.vendor" value="Sun Microsystems Inc."/>
    <property name="os.name" value="Linux"/>
    <property name="classworlds.conf" value="/home/merovingien/workspace/.metadata/.plugins/org.eclipse.m2e.launching/launches/m2conf3215831556348109515.tmp"/>
    <property name="sun.jnu.encoding" value="UTF-8"/>
    <property name="java.library.path" value="/opt/icedtea-bin-6.1.12.7/jre/lib/amd64/server:/opt/icedtea-bin-6.1.12.7/jre/lib/amd64:/opt/icedtea-bin-6.1.12.7/jre/../lib/amd64:/usr/java/packages/lib/amd64:/usr/lib64:/lib64:/lib:/usr/lib"/>
    <property name="java.specification.name" value="Java Platform API Specification"/>
    <property name="java.class.version" value="50.0"/>
    <property name="sun.management.compiler" value="HotSpot 64-Bit Tiered Compilers"/>
    <property name="os.version" value="3.2.1-gentoo-r2"/>
    <property name="user.home" value="/home/merovingien"/>
    <property name="user.timezone" value="Europe/Kiev"/>
    <property name="java.awt.printerjob" value="sun.print.PSPrinterJob"/>
    <property name="file.encoding" value="UTF-8"/>
    <property name="java.specification.version" value="1.6"/>
    <property name="user.name" value="merovingien"/>
    <property name="java.class.path" value="/home/merovingien/.eclipse/plugins/org.eclipse.m2e.maven.runtime_1.5.0.20131218-0705/jars/plexus-classworlds-2.5.1.jar"/>
    <property name="org.slf4j.simpleLogger.defaultLogLevel" value="info"/>
    <property name="java.vm.specification.version" value="1.0"/>
    <property name="sun.arch.data.model" value="64"/>
    <property name="java.home" value="/opt/icedtea-bin-6.1.12.7/jre"/>
    <property name="sun.java.command" value="org.codehaus.plexus.classworlds.launcher.Launcher -B test"/>
    <property name="java.specification.vendor" value="Sun Microsystems Inc."/>
    <property name="user.language" value="en"/>
    <property name="java.vm.info" value="mixed mode"/>
    <property name="java.version" value="1.6.0_27"/>
    <property name="java.ext.dirs" value="/opt/icedtea-bin-6.1.12.7/jre/lib/ext:/usr/java/packages/lib/ext"/>
    <property name="securerandom.source" value="file:/dev/./urandom"/>
    <property name="sun.boot.class.path" value="/opt/icedtea-bin-6.1.12.7/jre/lib/resources.jar:/opt/icedtea-bin-6.1.12.7/jre/lib/rt.jar:/opt/icedtea-bin-6.1.12.7/jre/lib/sunrsasign.jar:/opt/icedtea-bin-6.1.12.7/jre/lib/jsse.jar:/opt/icedtea-bin-6.1.12.7/jre/lib/jce.jar:/opt/icedtea-bin-6.1.12.7/jre/lib/charsets.jar:/opt/icedtea-bin-6.1.12.7/jre/lib/netx.jar:/opt/icedtea-bin-6.1.12.7/jre/lib/plugin.jar:/opt/icedtea-bin-6.1.12.7/jre/lib/rhino.jar:/opt/icedtea-bin-6.1.12.7/jre/lib/modules/jdk.boot.jar:/opt/icedtea-bin-6.1.12.7/jre/classes"/>
    <property name="java.vendor" value="Sun Microsystems Inc."/>
    <property name="maven.home" value="/home/merovingien/workspace/Simple_blog/EMBEDDED"/>
    <property name="file.separator" value="/"/>
    <property name="java.vendor.url.bug" value="http://java.sun.com/cgi-bin/bugreport.cgi"/>
    <property name="sun.cpu.endian" value="little"/>
    <property name="sun.io.unicode.encoding" value="UnicodeLittle"/>
    <property name="sun.cpu.isalist" value=""/>
  </properties>
  <testcase time="5.432" classname="com.simpleblog.service.MemberServiceTest" name="testUpdateMember"/>
  <testcase time="0.072" classname="com.simpleblog.service.MemberServiceTest" name="testDeleteMember"/>
  <testcase time="0.084" classname="com.simpleblog.service.MemberServiceTest" name="testSaveMember"/>
</testsuite>